<?xml version="1.0" encoding="UTF-8"?>
<!-- Generated by org.testng.reporters.JUnitXMLReporter -->
<testsuite ignored="0" hostname="LAPTOP-5KMFOFH9" failures="0" tests="13" name="Test" time="69.356" errors="0" timestamp="2024-09-10T22:38:57 IST">
  <testcase classname="com.swaglab.TestCases.LoginPageTest" name="validateLoginPageUrl" time="0.023"/>
  <testcase classname="com.swaglab.TestCases.LoginPageTest" name="validateLoginPageTitle" time="0.021"/>
  <testcase classname="com.swaglab.TestCases.LoginPageTest" name="validateLogin" time="0.706"/>
  <testcase classname="com.swaglab.TestCases.InventoryPageTest" name="validateTotalOpyions" time="0.025"/>
  <testcase classname="com.swaglab.TestCases.InventoryPageTest" name="ValidateProducts" time="0.16"/>
  <testcase classname="com.swaglab.TestCases.InventoryPageTest" name="addProductToCart" time="0.401"/>
  <testcase classname="com.swaglab.TestCases.AddToCartPageTest" name="verifyDescription" time="0.039"/>
  <testcase classname="com.swaglab.TestCases.AddToCartPageTest" name="validateRemoveProduct" time="0.098"/>
  <testcase classname="com.swaglab.TestCases.AddToCartPageTest" name="validateContinueshopping" time="0.411"/>
  <testcase classname="com.swaglab.TestCases.AddToCartPageTest" name="ClickCheckout" time="0.126"/>
  <testcase classname="com.swaglab.TestCases.CheckOutPageTest" name="validateCheckout" time="0.723"/>
  <testcase classname="com.swaglab.TestCases.OverViewPageTest" name="verifySummary" time="0.056"/>
  <testcase classname="com.swaglab.TestCases.OverViewPageTest" name="validationFinish" time="0.202"/>
</testsuite> <!-- Test -->
