<?xml version="1.0" encoding="UTF-8"?>
<testng-results ignored="0" total="13" passed="13" failed="0" skipped="0">
  <reporter-output>
  </reporter-output>
  <suite started-at="2024-09-10T22:37:47 IST" name="Suite" finished-at="2024-09-10T22:38:57 IST" duration-ms="69356">
    <groups>
    </groups>
    <test started-at="2024-09-10T22:37:47 IST" name="Test" finished-at="2024-09-10T22:38:57 IST" duration-ms="69356">
      <class name="com.swaglab.TestCases.OverViewPageTest">
        <test-method is-config="true" signature="setUp()[pri:0, instance:com.swaglab.TestCases.OverViewPageTest@1151e434]" started-at="2024-09-10T22:38:43 IST" name="setUp" finished-at="2024-09-10T22:38:50 IST" duration-ms="7115" status="PASS">
          <reporter-output>
          </reporter-output>
        </test-method> <!-- setUp -->
        <test-method signature="verifySummary()[pri:1, instance:com.swaglab.TestCases.OverViewPageTest@1151e434]" started-at="2024-09-10T22:38:50 IST" name="verifySummary" finished-at="2024-09-10T22:38:50 IST" duration-ms="56" status="PASS">
          <reporter-output>
          </reporter-output>
        </test-method> <!-- verifySummary -->
        <test-method is-config="true" signature="setUp()[pri:0, instance:com.swaglab.TestCases.OverViewPageTest@1151e434]" started-at="2024-09-10T22:38:50 IST" name="setUp" finished-at="2024-09-10T22:38:56 IST" duration-ms="6661" status="PASS">
          <reporter-output>
          </reporter-output>
        </test-method> <!-- setUp -->
        <test-method signature="validationFinish()[pri:2, instance:com.swaglab.TestCases.OverViewPageTest@1151e434]" started-at="2024-09-10T22:38:56 IST" name="validationFinish" finished-at="2024-09-10T22:38:57 IST" duration-ms="202" status="PASS">
          <reporter-output>
          </reporter-output>
        </test-method> <!-- validationFinish -->
      </class> <!-- com.swaglab.TestCases.OverViewPageTest -->
      <class name="com.swaglab.TestCases.InventoryPageTest">
        <test-method is-config="true" signature="setUp()[pri:0, instance:com.swaglab.TestCases.InventoryPageTest@4b8ee4de]" started-at="2024-09-10T22:37:58 IST" name="setUp" finished-at="2024-09-10T22:38:01 IST" duration-ms="3385" status="PASS">
          <reporter-output>
          </reporter-output>
        </test-method> <!-- setUp -->
        <test-method signature="validateTotalOpyions()[pri:1, instance:com.swaglab.TestCases.InventoryPageTest@4b8ee4de]" started-at="2024-09-10T22:38:01 IST" name="validateTotalOpyions" finished-at="2024-09-10T22:38:01 IST" duration-ms="25" status="PASS">
          <reporter-output>
          </reporter-output>
        </test-method> <!-- validateTotalOpyions -->
        <test-method is-config="true" signature="setUp()[pri:0, instance:com.swaglab.TestCases.InventoryPageTest@4b8ee4de]" started-at="2024-09-10T22:38:01 IST" name="setUp" finished-at="2024-09-10T22:38:05 IST" duration-ms="3362" status="PASS">
          <reporter-output>
          </reporter-output>
        </test-method> <!-- setUp -->
        <test-method signature="ValidateProducts()[pri:2, instance:com.swaglab.TestCases.InventoryPageTest@4b8ee4de]" started-at="2024-09-10T22:38:05 IST" name="ValidateProducts" finished-at="2024-09-10T22:38:05 IST" duration-ms="160" status="PASS">
          <reporter-output>
          </reporter-output>
        </test-method> <!-- ValidateProducts -->
        <test-method is-config="true" signature="setUp()[pri:0, instance:com.swaglab.TestCases.InventoryPageTest@4b8ee4de]" started-at="2024-09-10T22:38:05 IST" name="setUp" finished-at="2024-09-10T22:38:11 IST" duration-ms="6338" status="PASS">
          <reporter-output>
          </reporter-output>
        </test-method> <!-- setUp -->
        <test-method signature="addProductToCart()[pri:3, instance:com.swaglab.TestCases.InventoryPageTest@4b8ee4de]" started-at="2024-09-10T22:38:11 IST" name="addProductToCart" finished-at="2024-09-10T22:38:12 IST" duration-ms="401" status="PASS">
          <reporter-output>
          </reporter-output>
        </test-method> <!-- addProductToCart -->
      </class> <!-- com.swaglab.TestCases.InventoryPageTest -->
      <class name="com.swaglab.TestCases.AddToCartPageTest">
        <test-method is-config="true" signature="setUp()[pri:0, instance:com.swaglab.TestCases.AddToCartPageTest@27f981c6]" started-at="2024-09-10T22:38:12 IST" name="setUp" finished-at="2024-09-10T22:38:16 IST" duration-ms="4419" status="PASS">
          <reporter-output>
          </reporter-output>
        </test-method> <!-- setUp -->
        <test-method signature="verifyDescription()[pri:1, instance:com.swaglab.TestCases.AddToCartPageTest@27f981c6]" started-at="2024-09-10T22:38:16 IST" name="verifyDescription" finished-at="2024-09-10T22:38:16 IST" duration-ms="39" status="PASS">
          <reporter-output>
          </reporter-output>
        </test-method> <!-- verifyDescription -->
        <test-method is-config="true" signature="setUp()[pri:0, instance:com.swaglab.TestCases.AddToCartPageTest@27f981c6]" started-at="2024-09-10T22:38:16 IST" name="setUp" finished-at="2024-09-10T22:38:22 IST" duration-ms="6098" status="PASS">
          <reporter-output>
          </reporter-output>
        </test-method> <!-- setUp -->
        <test-method signature="validateRemoveProduct()[pri:2, instance:com.swaglab.TestCases.AddToCartPageTest@27f981c6]" started-at="2024-09-10T22:38:22 IST" name="validateRemoveProduct" finished-at="2024-09-10T22:38:22 IST" duration-ms="98" status="PASS">
          <reporter-output>
          </reporter-output>
        </test-method> <!-- validateRemoveProduct -->
        <test-method is-config="true" signature="setUp()[pri:0, instance:com.swaglab.TestCases.AddToCartPageTest@27f981c6]" started-at="2024-09-10T22:38:22 IST" name="setUp" finished-at="2024-09-10T22:38:29 IST" duration-ms="6858" status="PASS">
          <reporter-output>
          </reporter-output>
        </test-method> <!-- setUp -->
        <test-method signature="validateContinueshopping()[pri:3, instance:com.swaglab.TestCases.AddToCartPageTest@27f981c6]" started-at="2024-09-10T22:38:29 IST" name="validateContinueshopping" finished-at="2024-09-10T22:38:30 IST" duration-ms="411" status="PASS">
          <reporter-output>
          </reporter-output>
        </test-method> <!-- validateContinueshopping -->
        <test-method is-config="true" signature="setUp()[pri:0, instance:com.swaglab.TestCases.AddToCartPageTest@27f981c6]" started-at="2024-09-10T22:38:30 IST" name="setUp" finished-at="2024-09-10T22:38:36 IST" duration-ms="6123" status="PASS">
          <reporter-output>
          </reporter-output>
        </test-method> <!-- setUp -->
        <test-method signature="ClickCheckout()[pri:4, instance:com.swaglab.TestCases.AddToCartPageTest@27f981c6]" started-at="2024-09-10T22:38:36 IST" name="ClickCheckout" finished-at="2024-09-10T22:38:36 IST" duration-ms="126" status="PASS">
          <reporter-output>
          </reporter-output>
        </test-method> <!-- ClickCheckout -->
      </class> <!-- com.swaglab.TestCases.AddToCartPageTest -->
      <class name="com.swaglab.TestCases.CheckOutPageTest">
        <test-method is-config="true" signature="setup()[pri:0, instance:com.swaglab.TestCases.CheckOutPageTest@1b11171f]" started-at="2024-09-10T22:38:36 IST" name="setup" finished-at="2024-09-10T22:38:42 IST" duration-ms="6009" status="PASS">
          <reporter-output>
          </reporter-output>
        </test-method> <!-- setup -->
        <test-method signature="validateCheckout()[pri:0, instance:com.swaglab.TestCases.CheckOutPageTest@1b11171f]" started-at="2024-09-10T22:38:42 IST" name="validateCheckout" finished-at="2024-09-10T22:38:43 IST" duration-ms="723" status="PASS">
          <reporter-output>
          </reporter-output>
        </test-method> <!-- validateCheckout -->
      </class> <!-- com.swaglab.TestCases.CheckOutPageTest -->
      <class name="com.swaglab.TestCases.LoginPageTest">
        <test-method is-config="true" signature="setUp()[pri:0, instance:com.swaglab.TestCases.LoginPageTest@4f2b503c]" started-at="2024-09-10T22:37:47 IST" name="setUp" finished-at="2024-09-10T22:37:51 IST" duration-ms="3857" status="PASS">
          <reporter-output>
          </reporter-output>
        </test-method> <!-- setUp -->
        <test-method signature="validateLoginPageUrl()[pri:1, instance:com.swaglab.TestCases.LoginPageTest@4f2b503c]" started-at="2024-09-10T22:37:51 IST" name="validateLoginPageUrl" finished-at="2024-09-10T22:37:51 IST" duration-ms="23" status="PASS">
          <reporter-output>
          </reporter-output>
        </test-method> <!-- validateLoginPageUrl -->
        <test-method is-config="true" signature="tearDown()[pri:0, instance:com.swaglab.TestCases.LoginPageTest@4f2b503c]" started-at="2024-09-10T22:37:51 IST" name="tearDown" finished-at="2024-09-10T22:37:52 IST" duration-ms="326" status="PASS">
          <reporter-output>
          </reporter-output>
        </test-method> <!-- tearDown -->
        <test-method is-config="true" signature="setUp()[pri:0, instance:com.swaglab.TestCases.LoginPageTest@4f2b503c]" started-at="2024-09-10T22:37:52 IST" name="setUp" finished-at="2024-09-10T22:37:54 IST" duration-ms="2653" status="PASS">
          <reporter-output>
          </reporter-output>
        </test-method> <!-- setUp -->
        <test-method signature="validateLoginPageTitle()[pri:2, instance:com.swaglab.TestCases.LoginPageTest@4f2b503c]" started-at="2024-09-10T22:37:54 IST" name="validateLoginPageTitle" finished-at="2024-09-10T22:37:54 IST" duration-ms="21" status="PASS">
          <reporter-output>
          </reporter-output>
        </test-method> <!-- validateLoginPageTitle -->
        <test-method is-config="true" signature="tearDown()[pri:0, instance:com.swaglab.TestCases.LoginPageTest@4f2b503c]" started-at="2024-09-10T22:37:54 IST" name="tearDown" finished-at="2024-09-10T22:37:54 IST" duration-ms="250" status="PASS">
          <reporter-output>
          </reporter-output>
        </test-method> <!-- tearDown -->
        <test-method is-config="true" signature="setUp()[pri:0, instance:com.swaglab.TestCases.LoginPageTest@4f2b503c]" started-at="2024-09-10T22:37:54 IST" name="setUp" finished-at="2024-09-10T22:37:57 IST" duration-ms="2562" status="PASS">
          <reporter-output>
          </reporter-output>
        </test-method> <!-- setUp -->
        <test-method signature="validateLogin()[pri:3, instance:com.swaglab.TestCases.LoginPageTest@4f2b503c]" started-at="2024-09-10T22:37:57 IST" name="validateLogin" finished-at="2024-09-10T22:37:58 IST" duration-ms="706" status="PASS">
          <reporter-output>
          </reporter-output>
        </test-method> <!-- validateLogin -->
        <test-method is-config="true" signature="tearDown()[pri:0, instance:com.swaglab.TestCases.LoginPageTest@4f2b503c]" started-at="2024-09-10T22:37:58 IST" name="tearDown" finished-at="2024-09-10T22:37:58 IST" duration-ms="239" status="PASS">
          <reporter-output>
          </reporter-output>
        </test-method> <!-- tearDown -->
      </class> <!-- com.swaglab.TestCases.LoginPageTest -->
    </test> <!-- Test -->
  </suite> <!-- Suite -->
</testng-results>
